<?xml version="1.0" encoding="UTF-8"?>
<!-- Generated by org.testng.reporters.JUnitReportReporter -->
<testsuite hostname="DESKTOP-UKO22H1" failures="0" tests="1" name="restassuredscripts.Script3" time="3.979" errors="0" timestamp="2023-12-15T14:35:54 IST" skipped="0">
  <testcase classname="restassuredscripts.Script3" name="postMethod" time="3.979"/>
  <system-out/>
</testsuite> <!-- restassuredscripts.Script3 -->
