<?xml version="1.0" encoding="UTF-8"?>
<!-- Generated by org.testng.reporters.JUnitReportReporter -->
<testsuite hostname="DESKTOP-UKO22H1" failures="0" tests="1" name="restassuredscripts.Script4" time="5.255" errors="0" timestamp="2023-12-15T14:36:14 IST" skipped="0">
  <testcase classname="restassuredscripts.Script4" name="PostUsingJSON" time="5.255"/>
  <system-out/>
</testsuite> <!-- restassuredscripts.Script4 -->
