<?xml version="1.0" encoding="UTF-8"?>
<!-- Generated by org.testng.reporters.JUnitReportReporter -->
<testsuite hostname="DESKTOP-UKO22H1" failures="0" tests="1" name="restassuredscripts.Script01SetUpCheck" time="2.902" errors="0" timestamp="2023-12-15T14:35:33 IST" skipped="0">
  <testcase classname="restassuredscripts.Script01SetUpCheck" name="setUpCheck" time="2.902"/>
  <system-out/>
</testsuite> <!-- restassuredscripts.Script01SetUpCheck -->
