<?xml version="1.0" encoding="UTF-8"?>
<!-- Generated by org.testng.reporters.JUnitReportReporter -->
<testsuite hostname="DESKTOP-UKO22H1" failures="0" tests="2" name="restassuredscripts.Script002GtMethod" time="4.332" errors="0" timestamp="2023-12-15T11:46:29 IST" skipped="0">
  <testcase classname="restassuredscripts.Script002GtMethod" name="httpGetMethod" time="0.243"/>
  <system-out/>
  <testcase classname="restassuredscripts.Script002GtMethod" name="GetMethodBDDStyle" time="4.089"/>
  <system-out/>
</testsuite> <!-- restassuredscripts.Script002GtMethod -->
