<?xml version="1.0" encoding="UTF-8"?>
<!-- Generated by org.testng.reporters.JUnitReportReporter -->
<testsuite hostname="DESKTOP-UKO22H1" failures="0" tests="1" name="restassuredscripts.Script5PayloadXml" time="5.611" errors="0" timestamp="2023-12-15T14:36:33 IST" skipped="0">
  <testcase classname="restassuredscripts.Script5PayloadXml" name="payloadXML" time="5.611"/>
  <system-out/>
</testsuite> <!-- restassuredscripts.Script5PayloadXml -->
